<?xml version="1.0" encoding="UTF-8"?>
<testng-results skipped="0" failed="0" total="1" passed="1">
  <reporter-output>
  </reporter-output>
  <suite name="Default suite" duration-ms="20533" started-at="2016-09-18T09:18:48Z" finished-at="2016-09-18T09:19:09Z">
    <groups>
    </groups>
    <test name="Default test" duration-ms="20533" started-at="2016-09-18T09:18:48Z" finished-at="2016-09-18T09:19:09Z">
      <class name="huirongTest">
        <test-method status="PASS" signature="before()[pri:0, instance:huirongTest@3bfa3fa9]" name="before" is-config="true" duration-ms="5599" started-at="2016-09-18T17:18:48Z" finished-at="2016-09-18T17:18:54Z">
          <reporter-output>
          </reporter-output>
        </test-method> <!-- before -->
        <test-method status="PASS" signature="test1()[pri:0, instance:huirongTest@3bfa3fa9]" name="test1" duration-ms="12278" started-at="2016-09-18T17:18:54Z" finished-at="2016-09-18T17:19:06Z">
          <reporter-output>
          </reporter-output>
        </test-method> <!-- test1 -->
        <test-method status="PASS" signature="end()[pri:0, instance:huirongTest@3bfa3fa9]" name="end" is-config="true" duration-ms="2638" started-at="2016-09-18T17:19:06Z" finished-at="2016-09-18T17:19:09Z">
          <reporter-output>
          </reporter-output>
        </test-method> <!-- end -->
      </class> <!-- huirongTest -->
    </test> <!-- Default test -->
  </suite> <!-- Default suite -->
</testng-results>
